DEBUG main org.springframework.context.annotation.AnnotationConfigApplicationContext - Refreshing org.springframework.context.annotation.AnnotationConfigApplicationContext@424c0bc4
DEBUG main org.springframework.beans.factory.support.DefaultListableBeanFactory - Creating shared instance of singleton bean 'org.springframework.context.annotation.internalConfigurationAnnotationProcessor'
DEBUG main org.spring.CustomScanner - Identified candidate component class: file [/home/chenrj/gitrep/RPC/rpc-framework-simple/target/classes/org/api/HelloController.class]
DEBUG main org.spring.CustomScanner - Identified candidate component class: URL [jar:file:/home/chenrj/mvnrep/org/springframework/spring-context/5.2.7.RELEASE/spring-context-5.2.7.RELEASE.jar!/org/springframework/scheduling/annotation/ProxyAsyncConfiguration.class]
DEBUG main org.spring.CustomScanner - Ignored because not a concrete top-level class: URL [jar:file:/home/chenrj/mvnrep/org/springframework/spring-context/5.2.7.RELEASE/spring-context-5.2.7.RELEASE.jar!/org/springframework/scheduling/annotation/AbstractAsyncConfiguration.class]
DEBUG main org.spring.CustomScanner - Identified candidate component class: URL [jar:file:/home/chenrj/mvnrep/org/springframework/spring-context/5.2.7.RELEASE/spring-context-5.2.7.RELEASE.jar!/org/springframework/scheduling/annotation/SchedulingConfiguration.class]
DEBUG main org.spring.CustomScanner - Identified candidate component class: URL [jar:file:/home/chenrj/mvnrep/org/springframework/spring-context/5.2.7.RELEASE/spring-context-5.2.7.RELEASE.jar!/org/springframework/context/annotation/MBeanExportConfiguration.class]
DEBUG main org.spring.CustomScanner - Identified candidate component class: URL [jar:file:/home/chenrj/mvnrep/org/springframework/spring-context/5.2.7.RELEASE/spring-context-5.2.7.RELEASE.jar!/org/springframework/context/annotation/LoadTimeWeavingConfiguration.class]
DEBUG main org.spring.CustomScanner - Ignored because not a concrete top-level class: URL [jar:file:/home/chenrj/mvnrep/org/springframework/spring-context/5.2.7.RELEASE/spring-context-5.2.7.RELEASE.jar!/org/springframework/context/annotation/Configuration.class]
DEBUG main org.spring.CustomScanner - Identified candidate component class: URL [jar:file:/home/chenrj/mvnrep/org/springframework/spring-context/5.2.7.RELEASE/spring-context-5.2.7.RELEASE.jar!/org/springframework/cache/annotation/ProxyCachingConfiguration.class]
DEBUG main org.spring.CustomScanner - Ignored because not a concrete top-level class: URL [jar:file:/home/chenrj/mvnrep/org/springframework/spring-context/5.2.7.RELEASE/spring-context-5.2.7.RELEASE.jar!/org/springframework/cache/annotation/AbstractCachingConfiguration.class]
DEBUG main org.spring.CustomScanner - Ignored because not a concrete top-level class: URL [jar:file:/home/chenrj/mvnrep/org/springframework/spring-context/5.2.7.RELEASE/spring-context-5.2.7.RELEASE.jar!/org/springframework/stereotype/Controller.class]
DEBUG main org.spring.CustomScanner - Ignored because not a concrete top-level class: URL [jar:file:/home/chenrj/mvnrep/org/springframework/spring-context/5.2.7.RELEASE/spring-context-5.2.7.RELEASE.jar!/org/springframework/stereotype/Repository.class]
DEBUG main org.spring.CustomScanner - Ignored because not a concrete top-level class: URL [jar:file:/home/chenrj/mvnrep/org/springframework/spring-context/5.2.7.RELEASE/spring-context-5.2.7.RELEASE.jar!/org/springframework/stereotype/Service.class]
INFO main org.spring.CustomScannerRegister - springBeanScanner scanning quantity 6
DEBUG main org.spring.CustomScanner - Identified candidate component class: file [/home/chenrj/gitrep/RPC/rpc-framework-simple/target/classes/org/api/HelloController.class]
DEBUG main org.spring.CustomScanner - Identified candidate component class: file [/home/chenrj/gitrep/RPC/rpc-framework-simple/target/classes/org/api/HelloServiceImpl.class]
DEBUG main org.springframework.core.type.filter.AnnotationTypeFilter - Could not read super class [org.eclipse.jetty.server.AbstractConnectionFactory] of type-filtered class [org.apache.zookeeper.server.admin.UnifiedConnectionFactory]
DEBUG main org.spring.CustomScanner - Identified candidate component class: URL [jar:file:/home/chenrj/mvnrep/org/springframework/spring-context/5.2.7.RELEASE/spring-context-5.2.7.RELEASE.jar!/org/springframework/scheduling/annotation/ProxyAsyncConfiguration.class]
DEBUG main org.spring.CustomScanner - Ignored because not a concrete top-level class: URL [jar:file:/home/chenrj/mvnrep/org/springframework/spring-context/5.2.7.RELEASE/spring-context-5.2.7.RELEASE.jar!/org/springframework/scheduling/annotation/AbstractAsyncConfiguration.class]
DEBUG main org.spring.CustomScanner - Identified candidate component class: URL [jar:file:/home/chenrj/mvnrep/org/springframework/spring-context/5.2.7.RELEASE/spring-context-5.2.7.RELEASE.jar!/org/springframework/scheduling/annotation/SchedulingConfiguration.class]
DEBUG main org.spring.CustomScanner - Identified candidate component class: URL [jar:file:/home/chenrj/mvnrep/org/springframework/spring-context/5.2.7.RELEASE/spring-context-5.2.7.RELEASE.jar!/org/springframework/context/annotation/MBeanExportConfiguration.class]
DEBUG main org.spring.CustomScanner - Identified candidate component class: URL [jar:file:/home/chenrj/mvnrep/org/springframework/spring-context/5.2.7.RELEASE/spring-context-5.2.7.RELEASE.jar!/org/springframework/context/annotation/LoadTimeWeavingConfiguration.class]
DEBUG main org.spring.CustomScanner - Ignored because not a concrete top-level class: URL [jar:file:/home/chenrj/mvnrep/org/springframework/spring-context/5.2.7.RELEASE/spring-context-5.2.7.RELEASE.jar!/org/springframework/context/annotation/Configuration.class]
DEBUG main org.spring.CustomScanner - Identified candidate component class: URL [jar:file:/home/chenrj/mvnrep/org/springframework/spring-context/5.2.7.RELEASE/spring-context-5.2.7.RELEASE.jar!/org/springframework/cache/annotation/ProxyCachingConfiguration.class]
DEBUG main org.spring.CustomScanner - Ignored because not a concrete top-level class: URL [jar:file:/home/chenrj/mvnrep/org/springframework/spring-context/5.2.7.RELEASE/spring-context-5.2.7.RELEASE.jar!/org/springframework/cache/annotation/AbstractCachingConfiguration.class]
DEBUG main org.spring.CustomScanner - Ignored because not a concrete top-level class: URL [jar:file:/home/chenrj/mvnrep/org/springframework/spring-context/5.2.7.RELEASE/spring-context-5.2.7.RELEASE.jar!/org/springframework/stereotype/Controller.class]
DEBUG main org.spring.CustomScanner - Ignored because not a concrete top-level class: URL [jar:file:/home/chenrj/mvnrep/org/springframework/spring-context/5.2.7.RELEASE/spring-context-5.2.7.RELEASE.jar!/org/springframework/stereotype/Repository.class]
DEBUG main org.spring.CustomScanner - Ignored because not a concrete top-level class: URL [jar:file:/home/chenrj/mvnrep/org/springframework/spring-context/5.2.7.RELEASE/spring-context-5.2.7.RELEASE.jar!/org/springframework/stereotype/Service.class]
DEBUG main org.springframework.core.type.filter.AnnotationTypeFilter - Could not read super class [kotlin.jvm.internal.Lambda] of type-filtered class [org.springframework.context.support.BeanDefinitionDsl$1]
DEBUG main org.springframework.core.type.filter.AnnotationTypeFilter - Could not read super class [kotlin.jvm.internal.FunctionReference] of type-filtered class [org.springframework.context.support.BeanDefinitionDsl$environment$beans$1]
DEBUG main org.springframework.core.type.filter.AnnotationTypeFilter - Could not read super class [kotlin.jvm.internal.Lambda] of type-filtered class [org.springframework.context.support.BeanDefinitionDsl$profile$beans$1]
DEBUG main org.springframework.core.type.filter.AnnotationTypeFilter - Could not read super class [org.yaml.snakeyaml.constructor.Constructor] of type-filtered class [org.springframework.beans.factory.config.YamlProcessor$FilteringConstructor]
DEBUG main org.springframework.core.type.filter.AnnotationTypeFilter - Could not read super class [groovy.lang.Closure] of type-filtered class [org.springframework.beans.factory.groovy.GroovyDynamicElementReader$_invokeMethod_closure1]
DEBUG main org.springframework.core.type.filter.AnnotationTypeFilter - Could not read super class [groovy.lang.GroovyObjectSupport] of type-filtered class [org.springframework.beans.factory.groovy.GroovyDynamicElementReader]
DEBUG main org.springframework.core.type.filter.AnnotationTypeFilter - Could not read super class [groovy.lang.GroovyObjectSupport] of type-filtered class [org.springframework.beans.factory.groovy.GroovyBeanDefinitionWrapper]
DEBUG main org.springframework.core.type.filter.AnnotationTypeFilter - Could not read super class [groovy.lang.GroovyObjectSupport] of type-filtered class [org.springframework.beans.factory.groovy.GroovyDynamicElementReader]
DEBUG main org.springframework.core.type.filter.AnnotationTypeFilter - Could not read super class [groovy.lang.GroovyObjectSupport] of type-filtered class [org.springframework.beans.factory.groovy.GroovyBeanDefinitionReader$GroovyRuntimeBeanReference$GroovyPropertyValue]
DEBUG main org.springframework.core.type.filter.AnnotationTypeFilter - Could not read super class [groovy.lang.Closure] of type-filtered class [org.springframework.beans.factory.groovy.GroovyBeanDefinitionReader$1]
DEBUG main org.springframework.core.type.filter.AnnotationTypeFilter - Could not read super class [groovy.lang.Binding] of type-filtered class [org.springframework.beans.factory.groovy.GroovyBeanDefinitionReader$2]
DEBUG main org.springframework.core.type.filter.AnnotationTypeFilter - Could not read super class [reactor.core.publisher.BaseSubscriber] of type-filtered class [org.springframework.core.io.buffer.DataBufferUtils$WriteCompletionHandler]
DEBUG main org.springframework.core.type.filter.AnnotationTypeFilter - Could not read super class [reactor.core.publisher.BaseSubscriber] of type-filtered class [org.springframework.core.io.buffer.DataBufferUtils$WritableByteChannelSubscriber]
DEBUG main org.springframework.core.type.filter.AnnotationTypeFilter - Could not read super class [kotlin.coroutines.jvm.internal.SuspendLambda] of type-filtered class [org.springframework.core.CoroutinesUtils$invokeSuspendingFunction$mono$1]
DEBUG main org.springframework.core.type.filter.AnnotationTypeFilter - Could not read super class [kotlin.coroutines.jvm.internal.SuspendLambda] of type-filtered class [org.springframework.core.CoroutinesUtils$monoToDeferred$1]
DEBUG main org.springframework.core.type.filter.AnnotationTypeFilter - Could not read super class [kotlin.coroutines.jvm.internal.SuspendLambda] of type-filtered class [org.springframework.core.CoroutinesUtils$deferredToMono$1]
DEBUG main org.springframework.core.type.filter.AnnotationTypeFilter - Could not read super class [org.apache.tools.ant.Task] of type-filtered class [org.springframework.cglib.transform.AbstractProcessTask]
DEBUG main org.springframework.core.type.filter.AnnotationTypeFilter - Could not read super class [org.apache.tools.ant.Task] of type-filtered class [org.springframework.cglib.transform.AbstractProcessTask]
INFO main org.spring.CustomScannerRegister - rpcServiceScanner scanning quantity 1
DEBUG main org.springframework.beans.factory.support.DefaultListableBeanFactory - Creating shared instance of singleton bean 'org.springframework.context.event.internalEventListenerProcessor'
DEBUG main org.springframework.beans.factory.support.DefaultListableBeanFactory - Creating shared instance of singleton bean 'org.springframework.context.event.internalEventListenerFactory'
DEBUG main org.springframework.beans.factory.support.DefaultListableBeanFactory - Creating shared instance of singleton bean 'org.springframework.context.annotation.internalAutowiredAnnotationProcessor'
DEBUG main org.springframework.beans.factory.support.DefaultListableBeanFactory - Creating shared instance of singleton bean 'org.springframework.context.annotation.internalCommonAnnotationProcessor'
DEBUG main org.springframework.beans.factory.support.DefaultListableBeanFactory - Creating shared instance of singleton bean 'org.springframework.context.annotation.internalAsyncAnnotationProcessor'
DEBUG main org.springframework.beans.factory.support.DefaultListableBeanFactory - Creating shared instance of singleton bean 'proxyAsyncConfiguration'
WARN main org.springframework.context.annotation.AnnotationConfigApplicationContext - Exception encountered during context initialization - cancelling refresh attempt: org.springframework.beans.factory.BeanCreationException: Error creating bean with name 'org.springframework.context.annotation.internalAsyncAnnotationProcessor' defined in org.springframework.scheduling.annotation.ProxyAsyncConfiguration: Bean instantiation via factory method failed; nested exception is org.springframework.beans.BeanInstantiationException: Failed to instantiate [org.springframework.scheduling.annotation.AsyncAnnotationBeanPostProcessor]: Factory method 'asyncAdvisor' threw exception; nested exception is java.lang.IllegalArgumentException: @EnableAsync annotation metadata was not injected
